2021-03-09 10:37:57,019 INFO [root] [base.py (__init__:12] - [base]:正在获取初始化driver对象:<selenium.webdriver.chrome.webdriver.WebDriver (session="2952a031ff67df1fccc0072c87c89315")>
2021-03-09 10:37:57,019 INFO [root] [page_login.py (page_click_login_link:14] - [page_login]:点击登录链接
2021-03-09 10:37:57,019 INFO [root] [base.py (base_click:25] - [base]:正在对('partial link text', '登录')实行点击事件
2021-03-09 10:37:57,019 INFO [root] [base.py (base_find:17] - [base]:正在定位元素:('partial link text', '登录'),默认超时时间为:30
2021-03-09 10:38:06,402 INFO [root] [page_login.py (page_input_username:19] - [page_login]:输入的用户名是:13800138006
2021-03-09 10:38:06,403 INFO [root] [base.py (base_find:17] - [base]:正在定位元素:('css selector', '#username'),默认超时时间为:30
2021-03-09 10:38:06,424 INFO [root] [base.py (base_input:33] - [base]:正在对<selenium.webdriver.remote.webelement.WebElement (session="2952a031ff67df1fccc0072c87c89315", element="f538acc7-98b7-484e-b0e8-876514ada1eb")>清空
2021-03-09 10:38:06,538 INFO [root] [page_login.py (page_input_pwd:24] - [page_login]:输入的密码是:123456
2021-03-09 10:38:06,538 INFO [root] [base.py (base_find:17] - [base]:正在定位元素:('css selector', '#password'),默认超时时间为:30
2021-03-09 10:38:06,546 INFO [root] [base.py (base_input:33] - [base]:正在对<selenium.webdriver.remote.webelement.WebElement (session="2952a031ff67df1fccc0072c87c89315", element="a10c87d9-d599-4270-bf83-9c77809035f1")>清空
2021-03-09 10:38:06,643 INFO [root] [page_login.py (page_input_verify_code:29] - [page_login]:输入的验证码是:8888
2021-03-09 10:38:06,643 INFO [root] [base.py (base_find:17] - [base]:正在定位元素:('css selector', '#verify_code'),默认超时时间为:30
2021-03-09 10:38:06,651 INFO [root] [base.py (base_input:33] - [base]:正在对<selenium.webdriver.remote.webelement.WebElement (session="2952a031ff67df1fccc0072c87c89315", element="c4d28d4e-9cca-47f5-a3d0-e661765ba7a1")>清空
2021-03-09 10:38:06,758 INFO [root] [page_login.py (page_click_login_btn:34] - [page_login]:点击登录按钮
2021-03-09 10:38:06,759 INFO [root] [base.py (base_click:25] - [base]:正在对('css selector', '.J-login-submit')实行点击事件
2021-03-09 10:38:06,759 INFO [root] [base.py (base_find:17] - [base]:正在定位元素:('css selector', '.J-login-submit'),默认超时时间为:30
2021-03-09 10:38:07,819 INFO [root] [base.py (base_get_text:40] - [base]:正在对('css selector', '.layui-layer-content')获取文本
2021-03-09 10:38:07,819 INFO [root] [base.py (base_find:17] - [base]:正在定位元素:('css selector', '.layui-layer-content'),默认超时时间为:30
2021-03-09 10:38:09,469 INFO [root] [base.py (base_click:25] - [base]:正在对('css selector', '.layui-layer-btn0')实行点击事件
2021-03-09 10:38:09,469 INFO [root] [base.py (base_find:17] - [base]:正在定位元素:('css selector', '.layui-layer-btn0'),默认超时时间为:30
2021-03-09 10:38:09,547 INFO [root] [page_login.py (page_input_username:19] - [page_login]:输入的用户名是:
2021-03-09 10:38:09,548 INFO [root] [base.py (base_find:17] - [base]:正在定位元素:('css selector', '#username'),默认超时时间为:30
2021-03-09 10:38:09,560 INFO [root] [base.py (base_input:33] - [base]:正在对<selenium.webdriver.remote.webelement.WebElement (session="2952a031ff67df1fccc0072c87c89315", element="f538acc7-98b7-484e-b0e8-876514ada1eb")>清空
2021-03-09 10:38:09,622 INFO [root] [page_login.py (page_input_pwd:24] - [page_login]:输入的密码是:123456
2021-03-09 10:38:09,622 INFO [root] [base.py (base_find:17] - [base]:正在定位元素:('css selector', '#password'),默认超时时间为:30
2021-03-09 10:38:09,628 INFO [root] [base.py (base_input:33] - [base]:正在对<selenium.webdriver.remote.webelement.WebElement (session="2952a031ff67df1fccc0072c87c89315", element="a10c87d9-d599-4270-bf83-9c77809035f1")>清空
2021-03-09 10:38:09,673 INFO [root] [page_login.py (page_input_verify_code:29] - [page_login]:输入的验证码是:8888
2021-03-09 10:38:09,674 INFO [root] [base.py (base_find:17] - [base]:正在定位元素:('css selector', '#verify_code'),默认超时时间为:30
2021-03-09 10:38:09,679 INFO [root] [base.py (base_input:33] - [base]:正在对<selenium.webdriver.remote.webelement.WebElement (session="2952a031ff67df1fccc0072c87c89315", element="c4d28d4e-9cca-47f5-a3d0-e661765ba7a1")>清空
2021-03-09 10:38:09,724 INFO [root] [page_login.py (page_click_login_btn:34] - [page_login]:点击登录按钮
2021-03-09 10:38:09,724 INFO [root] [base.py (base_click:25] - [base]:正在对('css selector', '.J-login-submit')实行点击事件
2021-03-09 10:38:09,724 INFO [root] [base.py (base_find:17] - [base]:正在定位元素:('css selector', '.J-login-submit'),默认超时时间为:30
2021-03-09 10:38:12,356 INFO [root] [base.py (base_get_text:40] - [base]:正在对('css selector', '.layui-layer-content')获取文本
2021-03-09 10:38:12,357 INFO [root] [base.py (base_find:17] - [base]:正在定位元素:('css selector', '.layui-layer-content'),默认超时时间为:30
2021-03-09 10:38:12,417 INFO [root] [base.py (base_click:25] - [base]:正在对('css selector', '.layui-layer-btn0')实行点击事件
2021-03-09 10:38:12,418 INFO [root] [base.py (base_find:17] - [base]:正在定位元素:('css selector', '.layui-layer-btn0'),默认超时时间为:30
2021-03-09 10:38:12,508 INFO [root] [page_login.py (page_input_username:19] - [page_login]:输入的用户名是:13800138006
2021-03-09 10:38:12,509 INFO [root] [base.py (base_find:17] - [base]:正在定位元素:('css selector', '#username'),默认超时时间为:30
2021-03-09 10:38:12,521 INFO [root] [base.py (base_input:33] - [base]:正在对<selenium.webdriver.remote.webelement.WebElement (session="2952a031ff67df1fccc0072c87c89315", element="f538acc7-98b7-484e-b0e8-876514ada1eb")>清空
2021-03-09 10:38:12,619 INFO [root] [page_login.py (page_input_pwd:24] - [page_login]:输入的密码是:
2021-03-09 10:38:12,619 INFO [root] [base.py (base_find:17] - [base]:正在定位元素:('css selector', '#password'),默认超时时间为:30
2021-03-09 10:38:12,624 INFO [root] [base.py (base_input:33] - [base]:正在对<selenium.webdriver.remote.webelement.WebElement (session="2952a031ff67df1fccc0072c87c89315", element="a10c87d9-d599-4270-bf83-9c77809035f1")>清空
2021-03-09 10:38:12,659 INFO [root] [page_login.py (page_input_verify_code:29] - [page_login]:输入的验证码是:8888
2021-03-09 10:38:12,660 INFO [root] [base.py (base_find:17] - [base]:正在定位元素:('css selector', '#verify_code'),默认超时时间为:30
2021-03-09 10:38:12,665 INFO [root] [base.py (base_input:33] - [base]:正在对<selenium.webdriver.remote.webelement.WebElement (session="2952a031ff67df1fccc0072c87c89315", element="c4d28d4e-9cca-47f5-a3d0-e661765ba7a1")>清空
2021-03-09 10:38:12,708 INFO [root] [page_login.py (page_click_login_btn:34] - [page_login]:点击登录按钮
2021-03-09 10:38:12,709 INFO [root] [base.py (base_click:25] - [base]:正在对('css selector', '.J-login-submit')实行点击事件
2021-03-09 10:38:12,709 INFO [root] [base.py (base_find:17] - [base]:正在定位元素:('css selector', '.J-login-submit'),默认超时时间为:30
2021-03-09 10:38:13,733 INFO [root] [base.py (base_get_text:40] - [base]:正在对('css selector', '.layui-layer-content')获取文本
2021-03-09 10:38:13,733 INFO [root] [base.py (base_find:17] - [base]:正在定位元素:('css selector', '.layui-layer-content'),默认超时时间为:30
2021-03-09 10:38:13,763 INFO [root] [base.py (base_click:25] - [base]:正在对('css selector', '.layui-layer-btn0')实行点击事件
2021-03-09 10:38:13,764 INFO [root] [base.py (base_find:17] - [base]:正在定位元素:('css selector', '.layui-layer-btn0'),默认超时时间为:30
